This file contains any messages produced by compilers while
running configure, to aid debugging if configure makes a mistake.

It was created by pocketvox configure 0.0.1, which was
generated by GNU Autoconf 2.69.  Invocation command line was

  $ ./configure --enable-introspection=yes --enable-gtk-doc

## --------- ##
## Platform. ##
## --------- ##

hostname = benoit-X101CH
uname -m = i686
uname -r = 3.13.0-37-generic
uname -s = Linux
uname -v = #64-Ubuntu SMP Mon Sep 22 21:30:01 UTC 2014

/usr/bin/uname -p = unknown
/bin/uname -X     = unknown

/bin/arch              = unknown
/usr/bin/arch -k       = unknown
/usr/convex/getsysinfo = unknown
/usr/bin/hostinfo      = unknown
/bin/machine           = unknown
/usr/bin/oslevel       = unknown
/bin/universe          = unknown

PATH: /usr/local/sbin
PATH: /usr/local/bin
PATH: /usr/sbin
PATH: /usr/bin
PATH: /sbin
PATH: /bin
PATH: /usr/games
PATH: /usr/local/games


## ----------- ##
## Core tests. ##
## ----------- ##

configure:2440: checking for a BSD-compatible install
configure:2508: result: /usr/bin/install -c
configure:2519: checking whether build environment is sane
configure:2574: result: yes
configure:2725: checking for a thread-safe mkdir -p
configure:2764: result: /bin/mkdir -p
configure:2771: checking for gawk
configure:2787: found /usr/bin/gawk
configure:2798: result: gawk
configure:2809: checking whether make sets $(MAKE)
configure:2831: result: yes
configure:2860: checking whether make supports nested variables
configure:2877: result: yes
configure:3013: checking whether make supports nested variables
configure:3030: result: yes
configure:3071: checking build system type
configure:3085: result: i686-pc-linux-gnu
configure:3105: checking host system type
configure:3118: result: i686-pc-linux-gnu
configure:3159: checking how to print strings
configure:3186: result: printf
configure:3219: checking for style of include used by make
configure:3247: result: GNU
configure:3318: checking for gcc
configure:3334: found /usr/bin/gcc
configure:3345: result: gcc
configure:3574: checking for C compiler version
configure:3583: gcc --version >&5
gcc (Ubuntu 4.8.2-19ubuntu1) 4.8.2
Copyright (C) 2013 Free Software Foundation, Inc.
This is free software; see the source for copying conditions.  There is NO
warranty; not even for MERCHANTABILITY or FITNESS FOR A PARTICULAR PURPOSE.

configure:3594: $? = 0
configure:3583: gcc -v >&5
Using built-in specs.
COLLECT_GCC=gcc
COLLECT_LTO_WRAPPER=/usr/lib/gcc/i686-linux-gnu/4.8/lto-wrapper
Target: i686-linux-gnu
Configured with: ../src/configure -v --with-pkgversion='Ubuntu 4.8.2-19ubuntu1' --with-bugurl=file:///usr/share/doc/gcc-4.8/README.Bugs --enable-languages=c,c++,java,go,d,fortran,objc,obj-c++ --prefix=/usr --program-suffix=-4.8 --enable-shared --enable-linker-build-id --libexecdir=/usr/lib --without-included-gettext --enable-threads=posix --with-gxx-include-dir=/usr/include/c++/4.8 --libdir=/usr/lib --enable-nls --with-sysroot=/ --enable-clocale=gnu --enable-libstdcxx-debug --enable-libstdcxx-time=yes --enable-gnu-unique-object --disable-libmudflap --enable-plugin --with-system-zlib --disable-browser-plugin --enable-java-awt=gtk --enable-gtk-cairo --with-java-home=/usr/lib/jvm/java-1.5.0-gcj-4.8-i386/jre --enable-java-home --with-jvm-root-dir=/usr/lib/jvm/java-1.5.0-gcj-4.8-i386 --with-jvm-jar-dir=/usr/lib/jvm-exports/java-1.5.0-gcj-4.8-i386 --with-arch-directory=i386 --with-ecj-jar=/usr/share/java/eclipse-ecj.jar --enable-objc-gc --enable-targets=all --enable-multiarch --disable-werror --with-arch-32=i686 --with-multilib-list=m32,m64,mx32 --with-tune=generic --enable-checking=release --build=i686-linux-gnu --host=i686-linux-gnu --target=i686-linux-gnu
Thread model: posix
gcc version 4.8.2 (Ubuntu 4.8.2-19ubuntu1) 
configure:3594: $? = 0
configure:3583: gcc -V >&5
gcc: error: unrecognized command line option '-V'
gcc: fatal error: no input files
compilation terminated.
configure:3594: $? = 4
configure:3583: gcc -qversion >&5
gcc: error: unrecognized command line option '-qversion'
gcc: fatal error: no input files
compilation terminated.
configure:3594: $? = 4
configure:3614: checking whether the C compiler works
configure:3636: gcc    conftest.c  >&5
configure:3640: $? = 0
configure:3688: result: yes
configure:3691: checking for C compiler default output file name
configure:3693: result: a.out
configure:3699: checking for suffix of executables
configure:3706: gcc -o conftest    conftest.c  >&5
configure:3710: $? = 0
configure:3732: result: 
configure:3754: checking whether we are cross compiling
configure:3762: gcc -o conftest    conftest.c  >&5
configure:3766: $? = 0
configure:3773: ./conftest
configure:3777: $? = 0
configure:3792: result: no
configure:3797: checking for suffix of object files
configure:3819: gcc -c   conftest.c >&5
configure:3823: $? = 0
configure:3844: result: o
configure:3848: checking whether we are using the GNU C compiler
configure:3867: gcc -c   conftest.c >&5
configure:3867: $? = 0
configure:3876: result: yes
configure:3885: checking whether gcc accepts -g
configure:3905: gcc -c -g  conftest.c >&5
configure:3905: $? = 0
configure:3946: result: yes
configure:3963: checking for gcc option to accept ISO C89
configure:4026: gcc  -c -g -O2  conftest.c >&5
configure:4026: $? = 0
configure:4039: result: none needed
configure:4064: checking whether gcc understands -c and -o together
configure:4086: gcc -c conftest.c -o conftest2.o
configure:4089: $? = 0
configure:4086: gcc -c conftest.c -o conftest2.o
configure:4089: $? = 0
configure:4101: result: yes
configure:4120: checking dependency style of gcc
configure:4231: result: gcc3
configure:4246: checking for a sed that does not truncate output
configure:4310: result: /bin/sed
configure:4328: checking for grep that handles long lines and -e
configure:4386: result: /bin/grep
configure:4391: checking for egrep
configure:4453: result: /bin/grep -E
configure:4458: checking for fgrep
configure:4520: result: /bin/grep -F
configure:4555: checking for ld used by gcc
configure:4622: result: /usr/bin/ld
configure:4629: checking if the linker (/usr/bin/ld) is GNU ld
configure:4644: result: yes
configure:4656: checking for BSD- or MS-compatible name lister (nm)
configure:4705: result: /usr/bin/nm -B
configure:4835: checking the name lister (/usr/bin/nm -B) interface
configure:4842: gcc -c -g -O2  conftest.c >&5
configure:4845: /usr/bin/nm -B "conftest.o"
configure:4848: output
00000000 B some_variable
configure:4855: result: BSD nm
configure:4858: checking whether ln -s works
configure:4862: result: yes
configure:4870: checking the maximum length of command line arguments
configure:5001: result: 1572864
configure:5018: checking whether the shell understands some XSI constructs
configure:5028: result: yes
configure:5032: checking whether the shell understands "+="
configure:5038: result: yes
configure:5073: checking how to convert i686-pc-linux-gnu file names to i686-pc-linux-gnu format
configure:5113: result: func_convert_file_noop
configure:5120: checking how to convert i686-pc-linux-gnu file names to toolchain format
configure:5140: result: func_convert_file_noop
configure:5147: checking for /usr/bin/ld option to reload object files
configure:5154: result: -r
configure:5228: checking for objdump
configure:5244: found /usr/bin/objdump
configure:5255: result: objdump
configure:5287: checking how to recognize dependent libraries
configure:5485: result: pass_all
configure:5570: checking for dlltool
configure:5600: result: no
configure:5630: checking how to associate runtime and link libraries
configure:5657: result: printf %s\n
configure:5718: checking for ar
configure:5734: found /usr/bin/ar
configure:5745: result: ar
configure:5782: checking for archiver @FILE support
configure:5799: gcc -c -g -O2  conftest.c >&5
configure:5799: $? = 0
configure:5802: ar cru libconftest.a @conftest.lst >&5
configure:5805: $? = 0
configure:5810: ar cru libconftest.a @conftest.lst >&5
ar: conftest.o: No such file or directory
configure:5813: $? = 1
configure:5825: result: @
configure:5883: checking for strip
configure:5899: found /usr/bin/strip
configure:5910: result: strip
configure:5982: checking for ranlib
configure:5998: found /usr/bin/ranlib
configure:6009: result: ranlib
configure:6111: checking command to parse /usr/bin/nm -B output from gcc object
configure:6231: gcc -c -g -O2  conftest.c >&5
configure:6234: $? = 0
configure:6238: /usr/bin/nm -B conftest.o \| sed -n -e 's/^.*[ ]\([ABCDGIRSTW][ABCDGIRSTW]*\)[ ][ ]*\([_A-Za-z][_A-Za-z0-9]*\)$/\1 \2 \2/p' | sed '/ __gnu_lto/d' \> conftest.nm
configure:6241: $? = 0
configure:6307: gcc -o conftest -g -O2   conftest.c conftstm.o >&5
configure:6310: $? = 0
configure:6348: result: ok
configure:6385: checking for sysroot
configure:6415: result: no
configure:6684: checking for mt
configure:6700: found /bin/mt
configure:6711: result: mt
configure:6734: checking if mt is a manifest tool
configure:6740: mt '-?'
configure:6748: result: no
configure:7390: checking how to run the C preprocessor
configure:7421: gcc -E  conftest.c
configure:7421: $? = 0
configure:7435: gcc -E  conftest.c
conftest.c:11:28: fatal error: ac_nonexistent.h: No such file or directory
 #include <ac_nonexistent.h>
                            ^
compilation terminated.
configure:7435: $? = 1
configure: failed program was:
| /* confdefs.h */
| #define PACKAGE_NAME "pocketvox"
| #define PACKAGE_TARNAME "pocketvox"
| #define PACKAGE_VERSION "0.0.1"
| #define PACKAGE_STRING "pocketvox 0.0.1"
| #define PACKAGE_BUGREPORT ""
| #define PACKAGE_URL ""
| #define PACKAGE "pocketvox"
| #define VERSION "0.0.1"
| /* end confdefs.h.  */
| #include <ac_nonexistent.h>
configure:7460: result: gcc -E
configure:7480: gcc -E  conftest.c
configure:7480: $? = 0
configure:7494: gcc -E  conftest.c
conftest.c:11:28: fatal error: ac_nonexistent.h: No such file or directory
 #include <ac_nonexistent.h>
                            ^
compilation terminated.
configure:7494: $? = 1
configure: failed program was:
| /* confdefs.h */
| #define PACKAGE_NAME "pocketvox"
| #define PACKAGE_TARNAME "pocketvox"
| #define PACKAGE_VERSION "0.0.1"
| #define PACKAGE_STRING "pocketvox 0.0.1"
| #define PACKAGE_BUGREPORT ""
| #define PACKAGE_URL ""
| #define PACKAGE "pocketvox"
| #define VERSION "0.0.1"
| /* end confdefs.h.  */
| #include <ac_nonexistent.h>
configure:7523: checking for ANSI C header files
configure:7543: gcc -c -g -O2  conftest.c >&5
configure:7543: $? = 0
configure:7616: gcc -o conftest -g -O2   conftest.c  >&5
configure:7616: $? = 0
configure:7616: ./conftest
configure:7616: $? = 0
configure:7627: result: yes
configure:7640: checking for sys/types.h
configure:7640: gcc -c -g -O2  conftest.c >&5
configure:7640: $? = 0
configure:7640: result: yes
configure:7640: checking for sys/stat.h
configure:7640: gcc -c -g -O2  conftest.c >&5
configure:7640: $? = 0
configure:7640: result: yes
configure:7640: checking for stdlib.h
configure:7640: gcc -c -g -O2  conftest.c >&5
configure:7640: $? = 0
configure:7640: result: yes
configure:7640: checking for string.h
configure:7640: gcc -c -g -O2  conftest.c >&5
configure:7640: $? = 0
configure:7640: result: yes
configure:7640: checking for memory.h
configure:7640: gcc -c -g -O2  conftest.c >&5
configure:7640: $? = 0
configure:7640: result: yes
configure:7640: checking for strings.h
configure:7640: gcc -c -g -O2  conftest.c >&5
configure:7640: $? = 0
configure:7640: result: yes
configure:7640: checking for inttypes.h
configure:7640: gcc -c -g -O2  conftest.c >&5
configure:7640: $? = 0
configure:7640: result: yes
configure:7640: checking for stdint.h
configure:7640: gcc -c -g -O2  conftest.c >&5
configure:7640: $? = 0
configure:7640: result: yes
configure:7640: checking for unistd.h
configure:7640: gcc -c -g -O2  conftest.c >&5
configure:7640: $? = 0
configure:7640: result: yes
configure:7654: checking for dlfcn.h
configure:7654: gcc -c -g -O2  conftest.c >&5
configure:7654: $? = 0
configure:7654: result: yes
configure:7860: checking for objdir
configure:7875: result: .libs
configure:8146: checking if gcc supports -fno-rtti -fno-exceptions
configure:8164: gcc -c -g -O2  -fno-rtti -fno-exceptions conftest.c >&5
cc1: warning: command line option '-fno-rtti' is valid for C++/ObjC++ but not for C [enabled by default]
configure:8168: $? = 0
configure:8181: result: no
configure:8508: checking for gcc option to produce PIC
configure:8515: result: -fPIC -DPIC
configure:8523: checking if gcc PIC flag -fPIC -DPIC works
configure:8541: gcc -c -g -O2  -fPIC -DPIC -DPIC conftest.c >&5
configure:8545: $? = 0
configure:8558: result: yes
configure:8587: checking if gcc static flag -static works
configure:8615: result: yes
configure:8630: checking if gcc supports -c -o file.o
configure:8651: gcc -c -g -O2  -o out/conftest2.o conftest.c >&5
configure:8655: $? = 0
configure:8677: result: yes
configure:8685: checking if gcc supports -c -o file.o
configure:8732: result: yes
configure:8765: checking whether the gcc linker (/usr/bin/ld) supports shared libraries
configure:9922: result: yes
configure:9959: checking whether -lc should be explicitly linked in
configure:9967: gcc -c -g -O2  conftest.c >&5
configure:9970: $? = 0
configure:9985: gcc -shared  -fPIC -DPIC conftest.o  -v -Wl,-soname -Wl,conftest -o conftest 2\>\&1 \| /bin/grep  -lc  \>/dev/null 2\>\&1
configure:9988: $? = 0
configure:10002: result: no
configure:10162: checking dynamic linker characteristics
configure:10662: gcc -o conftest -g -O2   -Wl,-rpath -Wl,/foo conftest.c  >&5
configure:10662: $? = 0
configure:10896: result: GNU/Linux ld.so
configure:11003: checking how to hardcode library paths into programs
configure:11028: result: immediate
configure:11568: checking whether stripping libraries is possible
configure:11573: result: yes
configure:11608: checking if libtool supports shared libraries
configure:11610: result: yes
configure:11613: checking whether to build shared libraries
configure:11634: result: yes
configure:11637: checking whether to build static libraries
configure:11641: result: yes
configure:11680: checking whether to enable maintainer-specific portions of Makefiles
configure:11689: result: no
configure:11705: checking for library containing strerror
configure:11736: gcc -o conftest -g -O2   conftest.c  >&5
configure:11736: $? = 0
configure:11753: result: none required
configure:11761: checking for ANSI C header files
configure:11865: result: yes
configure:11950: checking for gcc
configure:11977: result: gcc
configure:12206: checking for C compiler version
configure:12215: gcc --version >&5
gcc (Ubuntu 4.8.2-19ubuntu1) 4.8.2
Copyright (C) 2013 Free Software Foundation, Inc.
This is free software; see the source for copying conditions.  There is NO
warranty; not even for MERCHANTABILITY or FITNESS FOR A PARTICULAR PURPOSE.

configure:12226: $? = 0
configure:12215: gcc -v >&5
Using built-in specs.
COLLECT_GCC=gcc
COLLECT_LTO_WRAPPER=/usr/lib/gcc/i686-linux-gnu/4.8/lto-wrapper
Target: i686-linux-gnu
Configured with: ../src/configure -v --with-pkgversion='Ubuntu 4.8.2-19ubuntu1' --with-bugurl=file:///usr/share/doc/gcc-4.8/README.Bugs --enable-languages=c,c++,java,go,d,fortran,objc,obj-c++ --prefix=/usr --program-suffix=-4.8 --enable-shared --enable-linker-build-id --libexecdir=/usr/lib --without-included-gettext --enable-threads=posix --with-gxx-include-dir=/usr/include/c++/4.8 --libdir=/usr/lib --enable-nls --with-sysroot=/ --enable-clocale=gnu --enable-libstdcxx-debug --enable-libstdcxx-time=yes --enable-gnu-unique-object --disable-libmudflap --enable-plugin --with-system-zlib --disable-browser-plugin --enable-java-awt=gtk --enable-gtk-cairo --with-java-home=/usr/lib/jvm/java-1.5.0-gcj-4.8-i386/jre --enable-java-home --with-jvm-root-dir=/usr/lib/jvm/java-1.5.0-gcj-4.8-i386 --with-jvm-jar-dir=/usr/lib/jvm-exports/java-1.5.0-gcj-4.8-i386 --with-arch-directory=i386 --with-ecj-jar=/usr/share/java/eclipse-ecj.jar --enable-objc-gc --enable-targets=all --enable-multiarch --disable-werror --with-arch-32=i686 --with-multilib-list=m32,m64,mx32 --with-tune=generic --enable-checking=release --build=i686-linux-gnu --host=i686-linux-gnu --target=i686-linux-gnu
Thread model: posix
gcc version 4.8.2 (Ubuntu 4.8.2-19ubuntu1) 
configure:12226: $? = 0
configure:12215: gcc -V >&5
gcc: error: unrecognized command line option '-V'
gcc: fatal error: no input files
compilation terminated.
configure:12226: $? = 4
configure:12215: gcc -qversion >&5
gcc: error: unrecognized command line option '-qversion'
gcc: fatal error: no input files
compilation terminated.
configure:12226: $? = 4
configure:12230: checking whether we are using the GNU C compiler
configure:12258: result: yes
configure:12267: checking whether gcc accepts -g
configure:12328: result: yes
configure:12345: checking for gcc option to accept ISO C89
configure:12421: result: none needed
configure:12446: checking whether gcc understands -c and -o together
configure:12483: result: yes
configure:12502: checking dependency style of gcc
configure:12613: result: gcc3
configure:12713: checking for pkg-config
configure:12731: found /usr/bin/pkg-config
configure:12743: result: /usr/bin/pkg-config
configure:12768: checking pkg-config is at least version 0.16
configure:12771: result: yes
configure:12788: checking for GLIB - version >= 2.0.0
configure:12900: gcc -o conftest -g -O2 -I/usr/include/glib-2.0 -I/usr/lib/i386-linux-gnu/glib-2.0/include     conftest.c -lglib-2.0    >&5
configure:12900: $? = 0
configure:12900: ./conftest
configure:12900: $? = 0
configure:12914: result: yes (version 2.40.2)
configure:13036: checking for pkg-config
configure:13066: result: /usr/bin/pkg-config
configure:13091: checking pkg-config is at least version 0.16
configure:13094: result: yes
configure:13131: checking for debug flags
configure:13142: result: debug off
configure:13150: checking for GLIB
configure:13235: result: yes
configure:13239: result: GLIB_CFLAGS=-I/usr/include/glib-2.0 -I/usr/lib/i386-linux-gnu/glib-2.0/include  
configure:13241: result: GLIB_LIBS=-lglib-2.0  
configure:13249: checking for GSTREAMER
configure:13256: $PKG_CONFIG --exists --print-errors "gstreamer-0.10"
configure:13259: $? = 0
configure:13273: $PKG_CONFIG --exists --print-errors "gstreamer-0.10"
configure:13276: $? = 0
configure:13334: result: yes
configure:13338: result: GSTREAMER_CFLAGS=-pthread -I/usr/include/gstreamer-0.10 -I/usr/include/glib-2.0 -I/usr/lib/i386-linux-gnu/glib-2.0/include -I/usr/include/libxml2  
configure:13340: result: GSTREAMER_LIBS=-pthread -lgstreamer-0.10 -lgobject-2.0 -lgmodule-2.0 -lgthread-2.0 -lxml2 -lglib-2.0  
configure:13348: checking for GTK3
configure:13355: $PKG_CONFIG --exists --print-errors "gtk+-3.0"
configure:13358: $? = 0
configure:13372: $PKG_CONFIG --exists --print-errors "gtk+-3.0"
configure:13375: $? = 0
configure:13433: result: yes
configure:13437: result: GTK3_CFLAGS=-pthread -I/usr/include/gtk-3.0 -I/usr/include/atk-1.0 -I/usr/include/at-spi2-atk/2.0 -I/usr/include/pango-1.0 -I/usr/include/gio-unix-2.0/ -I/usr/include/cairo -I/usr/include/gdk-pixbuf-2.0 -I/usr/include/glib-2.0 -I/usr/lib/i386-linux-gnu/glib-2.0/include -I/usr/include/harfbuzz -I/usr/include/freetype2 -I/usr/include/pixman-1 -I/usr/include/libpng12  
configure:13439: result: GTK3_LIBS=-lgtk-3 -lgdk-3 -latk-1.0 -lgio-2.0 -lpangocairo-1.0 -lgdk_pixbuf-2.0 -lcairo-gobject -lpango-1.0 -lcairo -lgobject-2.0 -lglib-2.0  
configure:13447: checking for GDK
configure:13454: $PKG_CONFIG --exists --print-errors "gdk-3.0"
configure:13457: $? = 0
configure:13471: $PKG_CONFIG --exists --print-errors "gdk-3.0"
configure:13474: $? = 0
configure:13532: result: yes
configure:13536: result: GDK_CFLAGS=-pthread -I/usr/include/gtk-3.0 -I/usr/include/gio-unix-2.0/ -I/usr/include/freetype2 -I/usr/include/cairo -I/usr/include/pango-1.0 -I/usr/include/gdk-pixbuf-2.0 -I/usr/include/glib-2.0 -I/usr/lib/i386-linux-gnu/glib-2.0/include -I/usr/include/pixman-1 -I/usr/include/libpng12 -I/usr/include/harfbuzz  
configure:13538: result: GDK_LIBS=-lgdk-3 -lpangocairo-1.0 -lgdk_pixbuf-2.0 -lcairo-gobject -lpango-1.0 -lcairo -lgobject-2.0 -lglib-2.0  
configure:13546: checking for POCKETSPHINX
configure:13553: $PKG_CONFIG --exists --print-errors "pocketsphinx"
configure:13556: $? = 0
configure:13570: $PKG_CONFIG --exists --print-errors "pocketsphinx"
configure:13573: $? = 0
configure:13631: result: yes
configure:13635: result: POCKETSPHINX_CFLAGS=-I/usr/local/include -I/usr/local/include/sphinxbase -I/usr/local/include/pocketsphinx  
configure:13637: result: POCKETSPHINX_LIBS=-L/usr/local/lib -lpocketsphinx -lsphinxbase -lsphinxad -lpulse -lpulse-simple -lpthread -lm  
configure:13645: checking for LIBNOTIFY
configure:13652: $PKG_CONFIG --exists --print-errors "libnotify"
configure:13655: $? = 0
configure:13669: $PKG_CONFIG --exists --print-errors "libnotify"
configure:13672: $? = 0
configure:13730: result: yes
configure:13734: result: LIBNOTIFY_CFLAGS=-pthread -I/usr/include/gdk-pixbuf-2.0 -I/usr/include/glib-2.0 -I/usr/lib/i386-linux-gnu/glib-2.0/include -I/usr/include/libpng12  
configure:13736: result: LIBNOTIFY_LIBS=-lnotify -lgdk_pixbuf-2.0 -lgio-2.0 -lgobject-2.0 -lglib-2.0  
configure:13744: checking for APPINDICATOR
configure:13751: $PKG_CONFIG --exists --print-errors "appindicator3-0.1"
configure:13754: $? = 0
configure:13768: $PKG_CONFIG --exists --print-errors "appindicator3-0.1"
configure:13771: $? = 0
configure:13829: result: yes
configure:13833: result: APPINDICATOR_CFLAGS=-pthread -I/usr/include/libappindicator3-0.1 -I/usr/include/libdbusmenu-glib-0.4 -I/usr/include/gtk-3.0 -I/usr/include/atk-1.0 -I/usr/include/at-spi2-atk/2.0 -I/usr/include/pango-1.0 -I/usr/include/gio-unix-2.0/ -I/usr/include/cairo -I/usr/include/gdk-pixbuf-2.0 -I/usr/include/glib-2.0 -I/usr/lib/i386-linux-gnu/glib-2.0/include -I/usr/include/harfbuzz -I/usr/include/freetype2 -I/usr/include/pixman-1 -I/usr/include/libpng12  
configure:13835: result: APPINDICATOR_LIBS=-lappindicator3 -ldbusmenu-glib -lgtk-3 -lgdk-3 -latk-1.0 -lgio-2.0 -lpangocairo-1.0 -lgdk_pixbuf-2.0 -lcairo-gobject -lpango-1.0 -lcairo -lgobject-2.0 -lglib-2.0  
configure:13843: checking for GOBJECT
configure:13850: $PKG_CONFIG --exists --print-errors "gobject-2.0"
configure:13853: $? = 0
configure:13867: $PKG_CONFIG --exists --print-errors "gobject-2.0"
configure:13870: $? = 0
configure:13928: result: yes
configure:13932: result: GOBJECT_CFLAGS=-I/usr/include/glib-2.0 -I/usr/lib/i386-linux-gnu/glib-2.0/include  
configure:13934: result: GOBJECT_LIBS=-lgobject-2.0 -lglib-2.0  
configure:13940: checking for espeak_Initialize in -lespeak
configure:13965: gcc -o conftest -g -O2   conftest.c -lespeak   >&5
configure:13965: $? = 0
configure:13974: result: yes
configure:14075: checking for pkg-config
configure:14105: result: /usr/bin/pkg-config
configure:14130: checking pkg-config is at least version 0.16
configure:14133: result: yes
configure:14243: checking whether NLS is requested
configure:14252: result: yes
configure:14270: checking for intltool >= 0.35.0
configure:14272: result: 0.50.2 found
configure:14280: checking for intltool-update
configure:14298: found /usr/bin/intltool-update
configure:14310: result: /usr/bin/intltool-update
configure:14320: checking for intltool-merge
configure:14338: found /usr/bin/intltool-merge
configure:14350: result: /usr/bin/intltool-merge
configure:14360: checking for intltool-extract
configure:14378: found /usr/bin/intltool-extract
configure:14390: result: /usr/bin/intltool-extract
configure:14544: checking for xgettext
configure:14562: found /usr/bin/xgettext
configure:14574: result: /usr/bin/xgettext
configure:14584: checking for msgmerge
configure:14602: found /usr/bin/msgmerge
configure:14614: result: /usr/bin/msgmerge
configure:14624: checking for msgfmt
configure:14642: found /usr/bin/msgfmt
configure:14654: result: /usr/bin/msgfmt
configure:14664: checking for gmsgfmt
configure:14695: result: /usr/bin/msgfmt
configure:14715: checking for perl
configure:14733: found /usr/bin/perl
configure:14745: result: /usr/bin/perl
configure:14756: checking for perl >= 5.8.1
configure:14763: result: 5.18.2
configure:14767: checking for XML::Parser
configure:14770: result: ok
configure:14795: gcc -o conftest -g -O2   conftest.c -lespeak  >&5
configure:14795: $? = 0
configure:14832: checking locale.h usability
configure:14832: gcc -c -g -O2  conftest.c >&5
configure:14832: $? = 0
configure:14832: result: yes
configure:14832: checking locale.h presence
configure:14832: gcc -E  conftest.c
configure:14832: $? = 0
configure:14832: result: yes
configure:14832: checking for locale.h
configure:14832: result: yes
configure:14843: checking for LC_MESSAGES
configure:14859: gcc -o conftest -g -O2   conftest.c -lespeak  >&5
configure:14859: $? = 0
configure:14867: result: yes
configure:14884: checking libintl.h usability
configure:14884: gcc -c -g -O2  conftest.c >&5
configure:14884: $? = 0
configure:14884: result: yes
configure:14884: checking libintl.h presence
configure:14884: gcc -E  conftest.c
configure:14884: $? = 0
configure:14884: result: yes
configure:14884: checking for libintl.h
configure:14884: result: yes
configure:14892: checking for ngettext in libc
configure:14910: gcc -o conftest -g -O2   conftest.c -lespeak  >&5
configure:14910: $? = 0
configure:14919: result: yes
configure:14923: checking for dgettext in libc
configure:14941: gcc -o conftest -g -O2   conftest.c -lespeak  >&5
configure:14941: $? = 0
configure:14950: result: yes
configure:14957: checking for bind_textdomain_codeset
configure:14957: gcc -o conftest -g -O2   conftest.c -lespeak  >&5
configure:14957: $? = 0
configure:14957: result: yes
configure:15233: checking for msgfmt
configure:15260: result: /usr/bin/msgfmt
configure:15271: checking for dcgettext
configure:15271: gcc -o conftest -g -O2   conftest.c -lespeak   >&5
conftest.c:54:6: warning: conflicting types for built-in function 'dcgettext' [enabled by default]
 char dcgettext ();
      ^
configure:15271: $? = 0
configure:15271: result: yes
configure:15281: checking if msgfmt accepts -c
configure:15296: $MSGFMT -c -o /dev/null conftest.foo
conftest.foo:3: warning: header field 'Language' missing in header
configure:15299: $? = 0
configure:15301: result: yes
configure:15311: checking for gmsgfmt
configure:15342: result: /usr/bin/msgfmt
configure:15352: checking for xgettext
configure:15379: result: /usr/bin/xgettext
configure:15398: gcc -o conftest -g -O2   conftest.c -lespeak   >&5
configure:15398: $? = 0
configure:15553: checking for gobject-introspection
configure:15562: $PKG_CONFIG --exists --print-errors "gobject-introspection-1.0"
configure:15565: $? = 0
configure:15572: $PKG_CONFIG --exists --print-errors "gobject-introspection-1.0 >= >1.32"
configure:15575: $? = 0
configure:15599: result: yes
configure:15643: checking for gtk-doc
configure:15646: $PKG_CONFIG --exists --print-errors "$gtk_doc_requires"
configure:15649: $? = 0
configure:15655: result: yes
configure:15669: checking for gtkdoc-check
configure:15685: found /usr/bin/gtkdoc-check
configure:15696: result: gtkdoc-check.test
configure:15706: checking for gtkdoc-check
configure:15724: found /usr/bin/gtkdoc-check
configure:15736: result: /usr/bin/gtkdoc-check
configure:15748: checking for gtkdoc-rebase
configure:15766: found /usr/bin/gtkdoc-rebase
configure:15778: result: /usr/bin/gtkdoc-rebase
configure:15792: checking for gtkdoc-mkpdf
configure:15810: found /usr/bin/gtkdoc-mkpdf
configure:15822: result: /usr/bin/gtkdoc-mkpdf
configure:15850: checking whether to build gtk-doc documentation
configure:15852: result: yes
configure:15865: checking for GTKDOC_DEPS
configure:15872: $PKG_CONFIG --exists --print-errors "glib-2.0 >= 2.10.0 gobject-2.0  >= 2.10.0"
configure:15875: $? = 0
configure:15889: $PKG_CONFIG --exists --print-errors "glib-2.0 >= 2.10.0 gobject-2.0  >= 2.10.0"
configure:15892: $? = 0
configure:15930: result: yes
configure:16126: checking that generated files are newer than configure
configure:16132: result: done
configure:16199: creating ./config.status

## ---------------------- ##
## Running config.status. ##
## ---------------------- ##

This file was extended by pocketvox config.status 0.0.1, which was
generated by GNU Autoconf 2.69.  Invocation command line was

  CONFIG_FILES    = 
  CONFIG_HEADERS  = 
  CONFIG_LINKS    = 
  CONFIG_COMMANDS = 
  $ ./config.status 

on benoit-X101CH

config.status:1289: creating Makefile
config.status:1289: creating data/Makefile
config.status:1289: creating data/pocketvox.desktop
config.status:1289: creating data/pocketvox-gtk.desktop
config.status:1289: creating src/Makefile
config.status:1289: creating src/lib/Makefile
config.status:1289: creating src/gui/Makefile
config.status:1289: creating po/Makefile.in
config.status:1289: creating docs/Makefile
config.status:1289: creating docs/reference/Makefile
config.status:1289: creating pocketvox.pc
config.status:1289: creating data/pocketvox-launcher.sh
config.status:1289: creating config.h
config.status:1470: config.h is unchanged
config.status:1518: executing depfiles commands
config.status:1518: executing libtool commands
config.status:1518: executing default-1 commands
config.status:1518: executing po/stamp-it commands

## ---------------- ##
## Cache variables. ##
## ---------------- ##

ac_cv_build=i686-pc-linux-gnu
ac_cv_c_compiler_gnu=yes
ac_cv_env_APPINDICATOR_CFLAGS_set=
ac_cv_env_APPINDICATOR_CFLAGS_value=
ac_cv_env_APPINDICATOR_LIBS_set=
ac_cv_env_APPINDICATOR_LIBS_value=
ac_cv_env_CC_set=
ac_cv_env_CC_value=
ac_cv_env_CFLAGS_set=
ac_cv_env_CFLAGS_value=
ac_cv_env_CPPFLAGS_set=
ac_cv_env_CPPFLAGS_value=
ac_cv_env_CPP_set=
ac_cv_env_CPP_value=
ac_cv_env_GDK_CFLAGS_set=
ac_cv_env_GDK_CFLAGS_value=
ac_cv_env_GDK_LIBS_set=
ac_cv_env_GDK_LIBS_value=
ac_cv_env_GLIB_CFLAGS_set=
ac_cv_env_GLIB_CFLAGS_value=
ac_cv_env_GLIB_LIBS_set=
ac_cv_env_GLIB_LIBS_value=
ac_cv_env_GOBJECT_CFLAGS_set=
ac_cv_env_GOBJECT_CFLAGS_value=
ac_cv_env_GOBJECT_LIBS_set=
ac_cv_env_GOBJECT_LIBS_value=
ac_cv_env_GSTREAMER_CFLAGS_set=
ac_cv_env_GSTREAMER_CFLAGS_value=
ac_cv_env_GSTREAMER_LIBS_set=
ac_cv_env_GSTREAMER_LIBS_value=
ac_cv_env_GTK3_CFLAGS_set=
ac_cv_env_GTK3_CFLAGS_value=
ac_cv_env_GTK3_LIBS_set=
ac_cv_env_GTK3_LIBS_value=
ac_cv_env_GTKDOC_DEPS_CFLAGS_set=
ac_cv_env_GTKDOC_DEPS_CFLAGS_value=
ac_cv_env_GTKDOC_DEPS_LIBS_set=
ac_cv_env_GTKDOC_DEPS_LIBS_value=
ac_cv_env_LDFLAGS_set=
ac_cv_env_LDFLAGS_value=
ac_cv_env_LIBNOTIFY_CFLAGS_set=
ac_cv_env_LIBNOTIFY_CFLAGS_value=
ac_cv_env_LIBNOTIFY_LIBS_set=
ac_cv_env_LIBNOTIFY_LIBS_value=
ac_cv_env_LIBS_set=
ac_cv_env_LIBS_value=
ac_cv_env_PKG_CONFIG_LIBDIR_set=
ac_cv_env_PKG_CONFIG_LIBDIR_value=
ac_cv_env_PKG_CONFIG_PATH_set=
ac_cv_env_PKG_CONFIG_PATH_value=
ac_cv_env_PKG_CONFIG_set=
ac_cv_env_PKG_CONFIG_value=
ac_cv_env_POCKETSPHINX_CFLAGS_set=
ac_cv_env_POCKETSPHINX_CFLAGS_value=
ac_cv_env_POCKETSPHINX_LIBS_set=
ac_cv_env_POCKETSPHINX_LIBS_value=
ac_cv_env_build_alias_set=
ac_cv_env_build_alias_value=
ac_cv_env_host_alias_set=
ac_cv_env_host_alias_value=
ac_cv_env_target_alias_set=
ac_cv_env_target_alias_value=
ac_cv_func_bind_textdomain_codeset=yes
ac_cv_func_dcgettext=yes
ac_cv_header_dlfcn_h=yes
ac_cv_header_inttypes_h=yes
ac_cv_header_libintl_h=yes
ac_cv_header_locale_h=yes
ac_cv_header_memory_h=yes
ac_cv_header_stdc=yes
ac_cv_header_stdint_h=yes
ac_cv_header_stdlib_h=yes
ac_cv_header_string_h=yes
ac_cv_header_strings_h=yes
ac_cv_header_sys_stat_h=yes
ac_cv_header_sys_types_h=yes
ac_cv_header_unistd_h=yes
ac_cv_host=i686-pc-linux-gnu
ac_cv_lib_espeak_espeak_Initialize=yes
ac_cv_objext=o
ac_cv_path_EGREP='/bin/grep -E'
ac_cv_path_FGREP='/bin/grep -F'
ac_cv_path_GMSGFMT=/usr/bin/msgfmt
ac_cv_path_GREP=/bin/grep
ac_cv_path_GTKDOC_CHECK_PATH=/usr/bin/gtkdoc-check
ac_cv_path_GTKDOC_MKPDF=/usr/bin/gtkdoc-mkpdf
ac_cv_path_GTKDOC_REBASE=/usr/bin/gtkdoc-rebase
ac_cv_path_INTLTOOL_EXTRACT=/usr/bin/intltool-extract
ac_cv_path_INTLTOOL_MERGE=/usr/bin/intltool-merge
ac_cv_path_INTLTOOL_PERL=/usr/bin/perl
ac_cv_path_INTLTOOL_UPDATE=/usr/bin/intltool-update
ac_cv_path_MSGFMT=/usr/bin/msgfmt
ac_cv_path_MSGMERGE=/usr/bin/msgmerge
ac_cv_path_SED=/bin/sed
ac_cv_path_XGETTEXT=/usr/bin/xgettext
ac_cv_path_ac_pt_PKG_CONFIG=/usr/bin/pkg-config
ac_cv_path_install='/usr/bin/install -c'
ac_cv_path_mkdir=/bin/mkdir
ac_cv_prog_AWK=gawk
ac_cv_prog_CPP='gcc -E'
ac_cv_prog_GTKDOC_CHECK=gtkdoc-check.test
ac_cv_prog_ac_ct_AR=ar
ac_cv_prog_ac_ct_CC=gcc
ac_cv_prog_ac_ct_MANIFEST_TOOL=mt
ac_cv_prog_ac_ct_OBJDUMP=objdump
ac_cv_prog_ac_ct_RANLIB=ranlib
ac_cv_prog_ac_ct_STRIP=strip
ac_cv_prog_cc_c89=
ac_cv_prog_cc_g=yes
ac_cv_prog_make_make_set=yes
ac_cv_search_strerror='none required'
am_cv_CC_dependencies_compiler_type=gcc3
am_cv_make_support_nested_variables=yes
am_cv_prog_cc_c_o=yes
am_cv_val_LC_MESSAGES=yes
gt_cv_func_dgettext_libc=yes
gt_cv_func_dgettext_libintl=no
gt_cv_func_ngettext_libc=yes
gt_cv_have_gettext=yes
lt_cv_ar_at_file=@
lt_cv_archive_cmds_need_lc=no
lt_cv_deplibs_check_method=pass_all
lt_cv_file_magic_cmd='$MAGIC_CMD'
lt_cv_file_magic_test_file=
lt_cv_ld_reload_flag=-r
lt_cv_nm_interface='BSD nm'
lt_cv_objdir=.libs
lt_cv_path_LD=/usr/bin/ld
lt_cv_path_NM='/usr/bin/nm -B'
lt_cv_path_mainfest_tool=no
lt_cv_prog_compiler_c_o=yes
lt_cv_prog_compiler_pic='-fPIC -DPIC'
lt_cv_prog_compiler_pic_works=yes
lt_cv_prog_compiler_rtti_exceptions=no
lt_cv_prog_compiler_static_works=yes
lt_cv_prog_gnu_ld=yes
lt_cv_sharedlib_from_linklib_cmd='printf %s\n'
lt_cv_shlibpath_overrides_runpath=no
lt_cv_sys_global_symbol_pipe='sed -n -e '\''s/^.*[	 ]\([ABCDGIRSTW][ABCDGIRSTW]*\)[	 ][	 ]*\([_A-Za-z][_A-Za-z0-9]*\)$/\1 \2 \2/p'\'' | sed '\''/ __gnu_lto/d'\'''
lt_cv_sys_global_symbol_to_c_name_address='sed -n -e '\''s/^: \([^ ]*\)[ ]*$/  {\"\1\", (void *) 0},/p'\'' -e '\''s/^[ABCDGIRSTW]* \([^ ]*\) \([^ ]*\)$/  {"\2", (void *) \&\2},/p'\'''
lt_cv_sys_global_symbol_to_c_name_address_lib_prefix='sed -n -e '\''s/^: \([^ ]*\)[ ]*$/  {\"\1\", (void *) 0},/p'\'' -e '\''s/^[ABCDGIRSTW]* \([^ ]*\) \(lib[^ ]*\)$/  {"\2", (void *) \&\2},/p'\'' -e '\''s/^[ABCDGIRSTW]* \([^ ]*\) \([^ ]*\)$/  {"lib\2", (void *) \&\2},/p'\'''
lt_cv_sys_global_symbol_to_cdecl='sed -n -e '\''s/^T .* \(.*\)$/extern int \1();/p'\'' -e '\''s/^[ABCDGIRSTW]* .* \(.*\)$/extern char \1;/p'\'''
lt_cv_sys_max_cmd_len=1572864
lt_cv_to_host_file_cmd=func_convert_file_noop
lt_cv_to_tool_file_cmd=func_convert_file_noop
pkg_cv_APPINDICATOR_CFLAGS='-pthread -I/usr/include/libappindicator3-0.1 -I/usr/include/libdbusmenu-glib-0.4 -I/usr/include/gtk-3.0 -I/usr/include/atk-1.0 -I/usr/include/at-spi2-atk/2.0 -I/usr/include/pango-1.0 -I/usr/include/gio-unix-2.0/ -I/usr/include/cairo -I/usr/include/gdk-pixbuf-2.0 -I/usr/include/glib-2.0 -I/usr/lib/i386-linux-gnu/glib-2.0/include -I/usr/include/harfbuzz -I/usr/include/freetype2 -I/usr/include/pixman-1 -I/usr/include/libpng12  '
pkg_cv_APPINDICATOR_LIBS='-lappindicator3 -ldbusmenu-glib -lgtk-3 -lgdk-3 -latk-1.0 -lgio-2.0 -lpangocairo-1.0 -lgdk_pixbuf-2.0 -lcairo-gobject -lpango-1.0 -lcairo -lgobject-2.0 -lglib-2.0  '
pkg_cv_GDK_CFLAGS='-pthread -I/usr/include/gtk-3.0 -I/usr/include/gio-unix-2.0/ -I/usr/include/freetype2 -I/usr/include/cairo -I/usr/include/pango-1.0 -I/usr/include/gdk-pixbuf-2.0 -I/usr/include/glib-2.0 -I/usr/lib/i386-linux-gnu/glib-2.0/include -I/usr/include/pixman-1 -I/usr/include/libpng12 -I/usr/include/harfbuzz  '
pkg_cv_GDK_LIBS='-lgdk-3 -lpangocairo-1.0 -lgdk_pixbuf-2.0 -lcairo-gobject -lpango-1.0 -lcairo -lgobject-2.0 -lglib-2.0  '
pkg_cv_GLIB_CFLAGS='-I/usr/include/glib-2.0 -I/usr/lib/i386-linux-gnu/glib-2.0/include  '
pkg_cv_GLIB_LIBS='-lglib-2.0  '
pkg_cv_GOBJECT_CFLAGS='-I/usr/include/glib-2.0 -I/usr/lib/i386-linux-gnu/glib-2.0/include  '
pkg_cv_GOBJECT_LIBS='-lgobject-2.0 -lglib-2.0  '
pkg_cv_GSTREAMER_CFLAGS='-pthread -I/usr/include/gstreamer-0.10 -I/usr/include/glib-2.0 -I/usr/lib/i386-linux-gnu/glib-2.0/include -I/usr/include/libxml2  '
pkg_cv_GSTREAMER_LIBS='-pthread -lgstreamer-0.10 -lgobject-2.0 -lgmodule-2.0 -lgthread-2.0 -lxml2 -lglib-2.0  '
pkg_cv_GTK3_CFLAGS='-pthread -I/usr/include/gtk-3.0 -I/usr/include/atk-1.0 -I/usr/include/at-spi2-atk/2.0 -I/usr/include/pango-1.0 -I/usr/include/gio-unix-2.0/ -I/usr/include/cairo -I/usr/include/gdk-pixbuf-2.0 -I/usr/include/glib-2.0 -I/usr/lib/i386-linux-gnu/glib-2.0/include -I/usr/include/harfbuzz -I/usr/include/freetype2 -I/usr/include/pixman-1 -I/usr/include/libpng12  '
pkg_cv_GTK3_LIBS='-lgtk-3 -lgdk-3 -latk-1.0 -lgio-2.0 -lpangocairo-1.0 -lgdk_pixbuf-2.0 -lcairo-gobject -lpango-1.0 -lcairo -lgobject-2.0 -lglib-2.0  '
pkg_cv_GTKDOC_DEPS_CFLAGS='-I/usr/include/glib-2.0 -I/usr/lib/i386-linux-gnu/glib-2.0/include  '
pkg_cv_GTKDOC_DEPS_LIBS='-lgobject-2.0 -lglib-2.0  '
pkg_cv_LIBNOTIFY_CFLAGS='-pthread -I/usr/include/gdk-pixbuf-2.0 -I/usr/include/glib-2.0 -I/usr/lib/i386-linux-gnu/glib-2.0/include -I/usr/include/libpng12  '
pkg_cv_LIBNOTIFY_LIBS='-lnotify -lgdk_pixbuf-2.0 -lgio-2.0 -lgobject-2.0 -lglib-2.0  '
pkg_cv_POCKETSPHINX_CFLAGS='-I/usr/local/include -I/usr/local/include/sphinxbase -I/usr/local/include/pocketsphinx  '
pkg_cv_POCKETSPHINX_LIBS='-L/usr/local/lib -lpocketsphinx -lsphinxbase -lsphinxad -lpulse -lpulse-simple -lpthread -lm  '

## ----------------- ##
## Output variables. ##
## ----------------- ##










		$(INSTALL_DATA) $^ "$(DESTDIR)$(gsettingsschemadir)"; \
		test -n "$(GSETTINGS_DISABLE_SCHEMAS_COMPILE)$(DESTDIR)" || $(GLIB_COMPILE_SCHEMAS) $(gsettingsschemadir); \
		test -z "$(gsettingsschemadir)" || $(MKDIR_P) "$(DESTDIR)$(gsettingsschemadir)"; \
	$(AM_V_GEN) $(GLIB_COMPILE_SCHEMAS) --strict --dry-run $(addprefix --schema-file=,$(gsettings__enum_file)) --schema-file=$< && mkdir -p $(@D) && touch $@
	$(AM_V_GEN) glib-mkenums --comments '\''<!-- @comment@ -->'\'' --fhead "<schemalist>" --vhead "  <@type@ id='\''$(gsettings_ENUM_NAMESPACE).@EnumName@'\''>" --vprod "    <value nick='\''@valuenick@'\'' value='\''@valuenum@'\''/>" --vtail "  </@type@>" --ftail "</schemalist>" $^ > $@.tmp && mv $@.tmp $@
	@$(NORMAL_INSTALL)
	@$(NORMAL_UNINSTALL)
	@list='\''$(gsettings_SCHEMAS) $(gsettings__enum_file)'\''; test -n "$(gsettingsschemadir)" || list=; \
	cd "$(DESTDIR)$(gsettingsschemadir)" && rm -f $$files
	echo " ( cd '\''$(DESTDIR)$(gsettingsschemadir)'\'' && rm -f" $$files ")"; \
	fi
	files=`for p in $$list; do echo $$p; done | sed -e '\''s|^.*/||'\''`; \
	if test -n "$^"; then \
	rm -f $(gsettings_SCHEMAS:.xml=.valid) $(gsettings__enum_file)
	test -n "$$files" || exit 0; \
	test -n "$(GSETTINGS_DISABLE_SCHEMAS_COMPILE)$(DESTDIR)" || $(GLIB_COMPILE_SCHEMAS) $(gsettingsschemadir)
$(gsettings__enum_file): $(gsettings_ENUM_FILES)
%.gschema.valid: %.gschema.xml $(gsettings__enum_file)
.PHONY : uninstall-gsettings-schemas install-gsettings-schemas clean-gsettings-schemas
.SECONDARY: $(gsettings_SCHEMAS)
ACLOCAL='${SHELL} /home/benoit/Projet/pocketVox/missing aclocal-1.14'
ALL_LINGUAS=''
AMDEPBACKSLASH='\'
AMDEP_FALSE='#'
AMDEP_TRUE=''
AMTAR='$${TAR-tar}'
AM_BACKSLASH='\'
AM_DEFAULT_V='$(AM_DEFAULT_VERBOSITY)'
AM_DEFAULT_VERBOSITY='0'
AM_V='$(V)'
APPINDICATOR_CFLAGS='-pthread -I/usr/include/libappindicator3-0.1 -I/usr/include/libdbusmenu-glib-0.4 -I/usr/include/gtk-3.0 -I/usr/include/atk-1.0 -I/usr/include/at-spi2-atk/2.0 -I/usr/include/pango-1.0 -I/usr/include/gio-unix-2.0/ -I/usr/include/cairo -I/usr/include/gdk-pixbuf-2.0 -I/usr/include/glib-2.0 -I/usr/lib/i386-linux-gnu/glib-2.0/include -I/usr/include/harfbuzz -I/usr/include/freetype2 -I/usr/include/pixman-1 -I/usr/include/libpng12  '
APPINDICATOR_LIBS='-lappindicator3 -ldbusmenu-glib -lgtk-3 -lgdk-3 -latk-1.0 -lgio-2.0 -lpangocairo-1.0 -lgdk_pixbuf-2.0 -lcairo-gobject -lpango-1.0 -lcairo -lgobject-2.0 -lglib-2.0  '
AR='ar'
AUTOCONF='${SHELL} /home/benoit/Projet/pocketVox/missing autoconf'
AUTOHEADER='${SHELL} /home/benoit/Projet/pocketVox/missing autoheader'
AUTOMAKE='${SHELL} /home/benoit/Projet/pocketVox/missing automake-1.14'
AWK='gawk'
CATALOGS=''
CATOBJEXT='.gmo'
CC='gcc'
CCDEPMODE='depmode=gcc3'
CFLAGS='-g -O2'
CPP='gcc -E'
CPPFLAGS=''
CYGPATH_W='echo'
DATADIRNAME='share'
DEBUG_CFLAGS='-fno-strict-aliasing -Wall  -Werror  -Wshadow                 -Wno-uninitialized -Wno-strict-aliasing                 -Wformat -Wformat-security                 -Winit-self  -Wpointer-arith'
DEFS='-DHAVE_CONFIG_H'
DEPDIR='.deps'
DLLTOOL='false'
DSYMUTIL=''
DUMPBIN=''
ECHO_C=''
ECHO_N='-n'
ECHO_T=''
EGREP='/bin/grep -E'
ENABLE_GTK_DOC_FALSE='#'
ENABLE_GTK_DOC_TRUE=''
EXEEXT=''
FGREP='/bin/grep -F'
GDK_CFLAGS='-pthread -I/usr/include/gtk-3.0 -I/usr/include/gio-unix-2.0/ -I/usr/include/freetype2 -I/usr/include/cairo -I/usr/include/pango-1.0 -I/usr/include/gdk-pixbuf-2.0 -I/usr/include/glib-2.0 -I/usr/lib/i386-linux-gnu/glib-2.0/include -I/usr/include/pixman-1 -I/usr/include/libpng12 -I/usr/include/harfbuzz  '
GDK_LIBS='-lgdk-3 -lpangocairo-1.0 -lgdk_pixbuf-2.0 -lcairo-gobject -lpango-1.0 -lcairo -lgobject-2.0 -lglib-2.0  '
GETTEXT_PACKAGE='Pocketvox'
GLIB_CFLAGS='-I/usr/include/glib-2.0 -I/usr/lib/i386-linux-gnu/glib-2.0/include  '
GLIB_COMPILE_RESOURCES='/usr/lib/i386-linux-gnu/glib-2.0/glib-compile-resources'
GLIB_COMPILE_SCHEMAS='/usr/lib/i386-linux-gnu/glib-2.0/glib-compile-schemas'
GLIB_GENMARSHAL='glib-genmarshal'
GLIB_LIBS='-lglib-2.0  '
GLIB_MKENUMS='glib-mkenums'
GMOFILES=''
GMSGFMT='/usr/bin/msgfmt'
GOBJECT_CFLAGS='-I/usr/include/glib-2.0 -I/usr/lib/i386-linux-gnu/glib-2.0/include  '
GOBJECT_LIBS='-lgobject-2.0 -lglib-2.0  '
GOBJECT_QUERY='gobject-query'
GREP='/bin/grep'
GSETTINGS_DISABLE_SCHEMAS_COMPILE=''
GSETTINGS_RULES='
GSTREAMER_CFLAGS='-pthread -I/usr/include/gstreamer-0.10 -I/usr/include/glib-2.0 -I/usr/lib/i386-linux-gnu/glib-2.0/include -I/usr/include/libxml2  '
GSTREAMER_LIBS='-pthread -lgstreamer-0.10 -lgobject-2.0 -lgmodule-2.0 -lgthread-2.0 -lxml2 -lglib-2.0  '
GTK3_CFLAGS='-pthread -I/usr/include/gtk-3.0 -I/usr/include/atk-1.0 -I/usr/include/at-spi2-atk/2.0 -I/usr/include/pango-1.0 -I/usr/include/gio-unix-2.0/ -I/usr/include/cairo -I/usr/include/gdk-pixbuf-2.0 -I/usr/include/glib-2.0 -I/usr/lib/i386-linux-gnu/glib-2.0/include -I/usr/include/harfbuzz -I/usr/include/freetype2 -I/usr/include/pixman-1 -I/usr/include/libpng12  '
GTK3_LIBS='-lgtk-3 -lgdk-3 -latk-1.0 -lgio-2.0 -lpangocairo-1.0 -lgdk_pixbuf-2.0 -lcairo-gobject -lpango-1.0 -lcairo -lgobject-2.0 -lglib-2.0  '
GTKDOC_CHECK='gtkdoc-check.test'
GTKDOC_CHECK_PATH='/usr/bin/gtkdoc-check'
GTKDOC_DEPS_CFLAGS='-I/usr/include/glib-2.0 -I/usr/lib/i386-linux-gnu/glib-2.0/include  '
GTKDOC_DEPS_LIBS='-lgobject-2.0 -lglib-2.0  '
GTKDOC_MKPDF='/usr/bin/gtkdoc-mkpdf'
GTKDOC_REBASE='/usr/bin/gtkdoc-rebase'
GTK_DOC_BUILD_HTML_FALSE='#'
GTK_DOC_BUILD_HTML_TRUE=''
GTK_DOC_BUILD_PDF_FALSE=''
GTK_DOC_BUILD_PDF_TRUE='#'
GTK_DOC_USE_LIBTOOL_FALSE='#'
GTK_DOC_USE_LIBTOOL_TRUE=''
GTK_DOC_USE_REBASE_FALSE='#'
GTK_DOC_USE_REBASE_TRUE=''
HAVE_GTK_DOC_FALSE='#'
HAVE_GTK_DOC_TRUE=''
HAVE_INTROSPECTION_FALSE='#'
HAVE_INTROSPECTION_TRUE=''
HAVE_LIBESPEAK_FALSE='#'
HAVE_LIBESPEAK_TRUE=''
HTML_DIR='${datadir}/gtk-doc/html'
INSTALL_DATA='${INSTALL} -m 644'
INSTALL_PROGRAM='${INSTALL}'
INSTALL_SCRIPT='${INSTALL}'
INSTALL_STRIP_PROGRAM='$(install_sh) -c -s'
INSTOBJEXT='.mo'
INTLLIBS=''
INTLTOOL_CAVES_RULE='%.caves:     %.caves.in     $(INTLTOOL_MERGE) $(wildcard $(top_srcdir)/po/*.po) ; $(INTLTOOL_V_MERGE)LC_ALL=C $(INTLTOOL_MERGE) $(INTLTOOL_V_MERGE_OPTIONS) -d -u -c $(top_builddir)/po/.intltool-merge-cache $(top_srcdir)/po $< $@'
INTLTOOL_DESKTOP_RULE='%.desktop:   %.desktop.in   $(INTLTOOL_MERGE) $(wildcard $(top_srcdir)/po/*.po) ; $(INTLTOOL_V_MERGE)LC_ALL=C $(INTLTOOL_MERGE) $(INTLTOOL_V_MERGE_OPTIONS) -d -u -c $(top_builddir)/po/.intltool-merge-cache $(top_srcdir)/po $< $@'
INTLTOOL_DIRECTORY_RULE='%.directory: %.directory.in $(INTLTOOL_MERGE) $(wildcard $(top_srcdir)/po/*.po) ; $(INTLTOOL_V_MERGE)LC_ALL=C $(INTLTOOL_MERGE) $(INTLTOOL_V_MERGE_OPTIONS) -d -u -c $(top_builddir)/po/.intltool-merge-cache $(top_srcdir)/po $< $@'
INTLTOOL_EXTRACT='/usr/bin/intltool-extract'
INTLTOOL_KBD_RULE='%.kbd:       %.kbd.in       $(INTLTOOL_MERGE) $(wildcard $(top_srcdir)/po/*.po) ; $(INTLTOOL_V_MERGE)LC_ALL=C $(INTLTOOL_MERGE) $(INTLTOOL_V_MERGE_OPTIONS) -x -u -m -c $(top_builddir)/po/.intltool-merge-cache $(top_srcdir)/po $< $@'
INTLTOOL_KEYS_RULE='%.keys:      %.keys.in      $(INTLTOOL_MERGE) $(wildcard $(top_srcdir)/po/*.po) ; $(INTLTOOL_V_MERGE)LC_ALL=C $(INTLTOOL_MERGE) $(INTLTOOL_V_MERGE_OPTIONS) -k -u -c $(top_builddir)/po/.intltool-merge-cache $(top_srcdir)/po $< $@'
INTLTOOL_MERGE='/usr/bin/intltool-merge'
INTLTOOL_OAF_RULE='%.oaf:       %.oaf.in       $(INTLTOOL_MERGE) $(wildcard $(top_srcdir)/po/*.po) ; $(INTLTOOL_V_MERGE)LC_ALL=C $(INTLTOOL_MERGE) $(INTLTOOL_V_MERGE_OPTIONS) -o -p $(top_srcdir)/po $< $@'
INTLTOOL_PERL='/usr/bin/perl'
INTLTOOL_POLICY_RULE='%.policy:    %.policy.in    $(INTLTOOL_MERGE) $(wildcard $(top_srcdir)/po/*.po) ; $(INTLTOOL_V_MERGE)LC_ALL=C $(INTLTOOL_MERGE) $(INTLTOOL_V_MERGE_OPTIONS) -x -u -c $(top_builddir)/po/.intltool-merge-cache $(top_srcdir)/po $< $@'
INTLTOOL_PONG_RULE='%.pong:      %.pong.in      $(INTLTOOL_MERGE) $(wildcard $(top_srcdir)/po/*.po) ; $(INTLTOOL_V_MERGE)LC_ALL=C $(INTLTOOL_MERGE) $(INTLTOOL_V_MERGE_OPTIONS) -x -u -c $(top_builddir)/po/.intltool-merge-cache $(top_srcdir)/po $< $@'
INTLTOOL_PROP_RULE='%.prop:      %.prop.in      $(INTLTOOL_MERGE) $(wildcard $(top_srcdir)/po/*.po) ; $(INTLTOOL_V_MERGE)LC_ALL=C $(INTLTOOL_MERGE) $(INTLTOOL_V_MERGE_OPTIONS) -d -u -c $(top_builddir)/po/.intltool-merge-cache $(top_srcdir)/po $< $@'
INTLTOOL_SCHEMAS_RULE='%.schemas:   %.schemas.in   $(INTLTOOL_MERGE) $(wildcard $(top_srcdir)/po/*.po) ; $(INTLTOOL_V_MERGE)LC_ALL=C $(INTLTOOL_MERGE) $(INTLTOOL_V_MERGE_OPTIONS) -s -u -c $(top_builddir)/po/.intltool-merge-cache $(top_srcdir)/po $< $@'
INTLTOOL_SERVER_RULE='%.server:    %.server.in    $(INTLTOOL_MERGE) $(wildcard $(top_srcdir)/po/*.po) ; $(INTLTOOL_V_MERGE)LC_ALL=C $(INTLTOOL_MERGE) $(INTLTOOL_V_MERGE_OPTIONS) -o -u -c $(top_builddir)/po/.intltool-merge-cache $(top_srcdir)/po $< $@'
INTLTOOL_SERVICE_RULE='%.service: %.service.in   $(INTLTOOL_MERGE) $(wildcard $(top_srcdir)/po/*.po) ; $(INTLTOOL_V_MERGE)LC_ALL=C $(INTLTOOL_MERGE) $(INTLTOOL_V_MERGE_OPTIONS) -d -u -c $(top_builddir)/po/.intltool-merge-cache $(top_srcdir)/po $< $@'
INTLTOOL_SHEET_RULE='%.sheet:     %.sheet.in     $(INTLTOOL_MERGE) $(wildcard $(top_srcdir)/po/*.po) ; $(INTLTOOL_V_MERGE)LC_ALL=C $(INTLTOOL_MERGE) $(INTLTOOL_V_MERGE_OPTIONS) -x -u -c $(top_builddir)/po/.intltool-merge-cache $(top_srcdir)/po $< $@'
INTLTOOL_SOUNDLIST_RULE='%.soundlist: %.soundlist.in $(INTLTOOL_MERGE) $(wildcard $(top_srcdir)/po/*.po) ; $(INTLTOOL_V_MERGE)LC_ALL=C $(INTLTOOL_MERGE) $(INTLTOOL_V_MERGE_OPTIONS) -d -u -c $(top_builddir)/po/.intltool-merge-cache $(top_srcdir)/po $< $@'
INTLTOOL_THEME_RULE='%.theme:     %.theme.in     $(INTLTOOL_MERGE) $(wildcard $(top_srcdir)/po/*.po) ; $(INTLTOOL_V_MERGE)LC_ALL=C $(INTLTOOL_MERGE) $(INTLTOOL_V_MERGE_OPTIONS) -d -u -c $(top_builddir)/po/.intltool-merge-cache $(top_srcdir)/po $< $@'
INTLTOOL_UI_RULE='%.ui:        %.ui.in        $(INTLTOOL_MERGE) $(wildcard $(top_srcdir)/po/*.po) ; $(INTLTOOL_V_MERGE)LC_ALL=C $(INTLTOOL_MERGE) $(INTLTOOL_V_MERGE_OPTIONS) -x -u -c $(top_builddir)/po/.intltool-merge-cache $(top_srcdir)/po $< $@'
INTLTOOL_UPDATE='/usr/bin/intltool-update'
INTLTOOL_V_MERGE='$(INTLTOOL__v_MERGE_$(V))'
INTLTOOL_V_MERGE_OPTIONS='$(intltool__v_merge_options_$(V))'
INTLTOOL_XAM_RULE='%.xam:       %.xml.in       $(INTLTOOL_MERGE) $(wildcard $(top_srcdir)/po/*.po) ; $(INTLTOOL_V_MERGE)LC_ALL=C $(INTLTOOL_MERGE) $(INTLTOOL_V_MERGE_OPTIONS) -x -u -c $(top_builddir)/po/.intltool-merge-cache $(top_srcdir)/po $< $@'
INTLTOOL_XML_NOMERGE_RULE='%.xml:       %.xml.in       $(INTLTOOL_MERGE) ; $(INTLTOOL_V_MERGE)LC_ALL=C $(INTLTOOL_MERGE) $(INTLTOOL_V_MERGE_OPTIONS) -x -u --no-translations $< $@'
INTLTOOL_XML_RULE='%.xml:       %.xml.in       $(INTLTOOL_MERGE) $(wildcard $(top_srcdir)/po/*.po) ; $(INTLTOOL_V_MERGE)LC_ALL=C $(INTLTOOL_MERGE) $(INTLTOOL_V_MERGE_OPTIONS) -x -u -c $(top_builddir)/po/.intltool-merge-cache $(top_srcdir)/po $< $@'
INTLTOOL__v_MERGE_0='@echo "  ITMRG " $@;'
INTLTOOL__v_MERGE_='$(INTLTOOL__v_MERGE_$(AM_DEFAULT_VERBOSITY))'
INTROSPECTION_CFLAGS='-pthread -I/usr/include/glib-2.0 -I/usr/lib/i386-linux-gnu/glib-2.0/include -I/usr/include/gobject-introspection-1.0  '
INTROSPECTION_COMPILER='/usr/bin/g-ir-compiler'
INTROSPECTION_GENERATE='/usr/bin/g-ir-generate'
INTROSPECTION_GIRDIR='/usr/share/gir-1.0'
INTROSPECTION_LIBS='-lgirepository-1.0 -lgobject-2.0 -lglib-2.0  '
INTROSPECTION_MAKEFILE='/usr/share/gobject-introspection-1.0/Makefile.introspection'
INTROSPECTION_SCANNER='/usr/bin/g-ir-scanner'
INTROSPECTION_TYPELIBDIR='/usr/lib/girepository-1.0'
LD='/usr/bin/ld'
LDFLAGS=''
LIBNOTIFY_CFLAGS='-pthread -I/usr/include/gdk-pixbuf-2.0 -I/usr/include/glib-2.0 -I/usr/lib/i386-linux-gnu/glib-2.0/include -I/usr/include/libpng12  '
LIBNOTIFY_LIBS='-lnotify -lgdk_pixbuf-2.0 -lgio-2.0 -lgobject-2.0 -lglib-2.0  '
LIBOBJS=''
LIBS='-lespeak '
LIBTOOL='$(SHELL) $(top_builddir)/libtool'
LIPO=''
LN_S='ln -s'
LTLIBOBJS=''
MAINT='#'
MAINTAINER_MODE_FALSE=''
MAINTAINER_MODE_TRUE='#'
MAKEINFO='${SHELL} /home/benoit/Projet/pocketVox/missing makeinfo'
MANIFEST_TOOL=':'
MKDIR_P='/bin/mkdir -p'
MKINSTALLDIRS='./mkinstalldirs'
MSGFMT='/usr/bin/msgfmt'
MSGFMT_OPTS='-c'
MSGMERGE='/usr/bin/msgmerge'
NM='/usr/bin/nm -B'
NMEDIT=''
OBJDUMP='objdump'
OBJEXT='o'
OTOOL64=''
OTOOL=''
PACKAGE='pocketvox'
PACKAGE_BUGREPORT=''
PACKAGE_NAME='pocketvox'
PACKAGE_STRING='pocketvox 0.0.1'
PACKAGE_TARNAME='pocketvox'
PACKAGE_URL=''
PACKAGE_VERSION='0.0.1'
PATH_SEPARATOR=':'
PKG_CONFIG='/usr/bin/pkg-config'
PKG_CONFIG_LIBDIR=''
PKG_CONFIG_PATH=':/usr/local/lib/pkgconfig:/usr/lib/i386-linux-gnu/pkgconfig'
POCKETSPHINX_CFLAGS='-I/usr/local/include -I/usr/local/include/sphinxbase -I/usr/local/include/pocketsphinx  '
POCKETSPHINX_LIBS='-L/usr/local/lib -lpocketsphinx -lsphinxbase -lsphinxad -lpulse -lpulse-simple -lpthread -lm  '
POCKETVOX_MAJOR_VERSION='0'
POCKETVOX_MICRO_VERSION='1'
POCKETVOX_MINOR_VERSION='0'
POCKETVOX_VERSION='0.0.1'
POFILES=''
POSUB='po'
PO_IN_DATADIR_FALSE=''
PO_IN_DATADIR_TRUE=''
PREFIX='NONE'
PROGRAMNAME_LOCALEDIR='${datarootdir}/locale'
RANLIB='ranlib'
SED='/bin/sed'
SET_MAKE=''
SHELL='/bin/bash'
STRIP='strip'
USE_NLS='yes'
VERSION='0.0.1'
XGETTEXT='/usr/bin/xgettext'
ac_ct_AR='ar'
ac_ct_CC='gcc'
ac_ct_DUMPBIN=''
all-am: $(gsettings_SCHEMAS:.xml=.valid)
am__EXEEXT_FALSE=''
am__EXEEXT_TRUE='#'
am__fastdepCC_FALSE='#'
am__fastdepCC_TRUE=''
am__include='include'
am__isrc=''
am__leading_dot='.'
am__nodep='_no'
am__quote=''
am__tar='$${TAR-tar} chof - "$$tardir"'
am__untar='$${TAR-tar} xf -'
bindir='${exec_prefix}/bin'
build='i686-pc-linux-gnu'
build_alias=''
build_cpu='i686'
build_os='linux-gnu'
build_vendor='pc'
clean-gsettings-schemas:
datadir='${datarootdir}'
datarootdir='${prefix}/share'
docdir='${datarootdir}/doc/${PACKAGE_TARNAME}'
dvidir='${docdir}'
endif'
exec_prefix='${prefix}'
gsettings__enum_file = $(addsuffix .enums.xml,$(gsettings_ENUM_NAMESPACE))
gsettingsschemadir='${datarootdir}/glib-2.0/schemas'
host='i686-pc-linux-gnu'
host_alias=''
host_cpu='i686'
host_os='linux-gnu'
host_vendor='pc'
htmldir='${docdir}'
ifdef gsettings_ENUM_NAMESPACE
includedir='${prefix}/include'
infodir='${datarootdir}/info'
install-data-am: install-gsettings-schemas
install-gsettings-schemas: $(gsettings_SCHEMAS) $(gsettings__enum_file)
install_sh='${SHELL} /home/benoit/Projet/pocketVox/install-sh'
intltool__v_merge_options_0='-q'
intltool__v_merge_options_='$(intltool__v_merge_options_$(AM_DEFAULT_VERBOSITY))'
libdir='${exec_prefix}/lib'
libexecdir='${exec_prefix}/libexec'
localedir='${datarootdir}/locale'
localstatedir='${prefix}/var'
mandir='${datarootdir}/man'
mkdir_p='$(MKDIR_P)'
mostlyclean-am: clean-gsettings-schemas
oldincludedir='/usr/include'
pdfdir='${docdir}'
prefix='/usr/local'
program_transform_name='s,x,x,'
psdir='${docdir}'
sbindir='${exec_prefix}/sbin'
sharedstatedir='${prefix}/com'
sysconfdir='${prefix}/etc'
target_alias=''
uninstall-am: uninstall-gsettings-schemas
uninstall-gsettings-schemas:

## ----------- ##
## confdefs.h. ##
## ----------- ##

/* confdefs.h */
#define PACKAGE_NAME "pocketvox"
#define PACKAGE_TARNAME "pocketvox"
#define PACKAGE_VERSION "0.0.1"
#define PACKAGE_STRING "pocketvox 0.0.1"
#define PACKAGE_BUGREPORT ""
#define PACKAGE_URL ""
#define PACKAGE "pocketvox"
#define VERSION "0.0.1"
#define STDC_HEADERS 1
#define HAVE_SYS_TYPES_H 1
#define HAVE_SYS_STAT_H 1
#define HAVE_STDLIB_H 1
#define HAVE_STRING_H 1
#define HAVE_MEMORY_H 1
#define HAVE_STRINGS_H 1
#define HAVE_INTTYPES_H 1
#define HAVE_STDINT_H 1
#define HAVE_UNISTD_H 1
#define HAVE_DLFCN_H 1
#define LT_OBJDIR ".libs/"
#define STDC_HEADERS 1
#define POCKETVOX_PREFIX "NONE"
#define HAVE_LIBESPEAK 1
#define GETTEXT_PACKAGE "Pocketvox"
#define HAVE_LOCALE_H 1
#define HAVE_LC_MESSAGES 1
#define HAVE_BIND_TEXTDOMAIN_CODESET 1
#define HAVE_GETTEXT 1
#define HAVE_DCGETTEXT 1
#define ENABLE_NLS 1

configure: exit 0

## ---------------------- ##
## Running config.status. ##
## ---------------------- ##

This file was extended by pocketvox config.status 0.0.1, which was
generated by GNU Autoconf 2.69.  Invocation command line was

  CONFIG_FILES    = 
  CONFIG_HEADERS  = 
  CONFIG_LINKS    = 
  CONFIG_COMMANDS = 
  $ ./config.status data/pocketvox-launcher.sh

on benoit-X101CH

config.status:1289: creating data/pocketvox-launcher.sh

## ---------------------- ##
## Running config.status. ##
## ---------------------- ##

This file was extended by pocketvox config.status 0.0.1, which was
generated by GNU Autoconf 2.69.  Invocation command line was

  CONFIG_FILES    = 
  CONFIG_HEADERS  = 
  CONFIG_LINKS    = 
  CONFIG_COMMANDS = 
  $ ./config.status data/pocketvox-launcher.sh

on benoit-X101CH

config.status:1289: creating data/pocketvox-launcher.sh
